nb_train_samples=6400
nb_validation_samples=1600
epochs=500
batch_size=16
Found 6400 images belonging to 2 classes.
Found 1600 images belonging to 2 classes.
Epoch 1/500
400/400 - 70s - loss: 0.5563 - accuracy: 0.7317 - val_loss: 0.3480 - val_accuracy: 0.8637 - 70s/epoch - 174ms/step
Epoch 2/500
400/400 - 69s - loss: 0.3492 - accuracy: 0.8614 - val_loss: 0.2364 - val_accuracy: 0.9106 - 69s/epoch - 172ms/step
Epoch 3/500
400/400 - 69s - loss: 0.2944 - accuracy: 0.8855 - val_loss: 0.2345 - val_accuracy: 0.9100 - 69s/epoch - 173ms/step
Epoch 4/500
400/400 - 69s - loss: 0.2577 - accuracy: 0.9042 - val_loss: 0.2105 - val_accuracy: 0.9194 - 69s/epoch - 172ms/step
Epoch 5/500
400/400 - 69s - loss: 0.2398 - accuracy: 0.9103 - val_loss: 0.1972 - val_accuracy: 0.9200 - 69s/epoch - 172ms/step
Epoch 6/500
400/400 - 69s - loss: 0.2352 - accuracy: 0.9094 - val_loss: 0.2155 - val_accuracy: 0.9281 - 69s/epoch - 172ms/step
Epoch 7/500
400/400 - 69s - loss: 0.2188 - accuracy: 0.9133 - val_loss: 0.1863 - val_accuracy: 0.9269 - 69s/epoch - 172ms/step
Epoch 8/500
400/400 - 69s - loss: 0.2150 - accuracy: 0.9186 - val_loss: 0.1599 - val_accuracy: 0.9388 - 69s/epoch - 172ms/step
Epoch 9/500
400/400 - 69s - loss: 0.2023 - accuracy: 0.9252 - val_loss: 0.1514 - val_accuracy: 0.9481 - 69s/epoch - 172ms/step
Epoch 10/500
400/400 - 69s - loss: 0.2085 - accuracy: 0.9214 - val_loss: 0.1752 - val_accuracy: 0.9450 - 69s/epoch - 172ms/step
Epoch 11/500
400/400 - 69s - loss: 0.2003 - accuracy: 0.9258 - val_loss: 0.2426 - val_accuracy: 0.9219 - 69s/epoch - 173ms/step
Epoch 12/500
400/400 - 69s - loss: 0.1898 - accuracy: 0.9287 - val_loss: 0.1494 - val_accuracy: 0.9488 - 69s/epoch - 172ms/step
Epoch 13/500
400/400 - 69s - loss: 0.1832 - accuracy: 0.9308 - val_loss: 0.1859 - val_accuracy: 0.9337 - 69s/epoch - 173ms/step
Epoch 14/500
400/400 - 69s - loss: 0.1897 - accuracy: 0.9325 - val_loss: 0.1751 - val_accuracy: 0.9356 - 69s/epoch - 172ms/step
Epoch 15/500
400/400 - 69s - loss: 0.1901 - accuracy: 0.9302 - val_loss: 0.1510 - val_accuracy: 0.9525 - 69s/epoch - 172ms/step
Epoch 16/500
400/400 - 69s - loss: 0.1840 - accuracy: 0.9316 - val_loss: 0.1882 - val_accuracy: 0.9356 - 69s/epoch - 172ms/step
Epoch 17/500
400/400 - 69s - loss: 0.1813 - accuracy: 0.9344 - val_loss: 0.1557 - val_accuracy: 0.9481 - 69s/epoch - 172ms/step
Epoch 18/500
400/400 - 69s - loss: 0.1734 - accuracy: 0.9380 - val_loss: 0.1443 - val_accuracy: 0.9538 - 69s/epoch - 172ms/step
Epoch 19/500
400/400 - 69s - loss: 0.1769 - accuracy: 0.9388 - val_loss: 0.1814 - val_accuracy: 0.9431 - 69s/epoch - 172ms/step
Epoch 20/500
400/400 - 69s - loss: 0.1731 - accuracy: 0.9378 - val_loss: 0.1938 - val_accuracy: 0.9444 - 69s/epoch - 172ms/step
Epoch 21/500
400/400 - 69s - loss: 0.1724 - accuracy: 0.9392 - val_loss: 0.1571 - val_accuracy: 0.9500 - 69s/epoch - 172ms/step
Epoch 22/500
400/400 - 69s - loss: 0.1719 - accuracy: 0.9405 - val_loss: 0.1650 - val_accuracy: 0.9488 - 69s/epoch - 172ms/step
Epoch 23/500
400/400 - 69s - loss: 0.1706 - accuracy: 0.9411 - val_loss: 0.1813 - val_accuracy: 0.9525 - 69s/epoch - 172ms/step
Epoch 24/500
400/400 - 69s - loss: 0.1731 - accuracy: 0.9394 - val_loss: 0.1619 - val_accuracy: 0.9538 - 69s/epoch - 172ms/step
Epoch 25/500
400/400 - 69s - loss: 0.1759 - accuracy: 0.9394 - val_loss: 0.1671 - val_accuracy: 0.9481 - 69s/epoch - 172ms/step
Epoch 26/500
400/400 - 69s - loss: 0.1726 - accuracy: 0.9383 - val_loss: 0.1490 - val_accuracy: 0.9531 - 69s/epoch - 172ms/step
Epoch 27/500
400/400 - 69s - loss: 0.1726 - accuracy: 0.9391 - val_loss: 0.1591 - val_accuracy: 0.9406 - 69s/epoch - 171ms/step
Epoch 28/500
400/400 - 69s - loss: 0.1681 - accuracy: 0.9391 - val_loss: 0.2027 - val_accuracy: 0.9319 - 69s/epoch - 172ms/step
Epoch 29/500
400/400 - 69s - loss: 0.1689 - accuracy: 0.9417 - val_loss: 0.1493 - val_accuracy: 0.9500 - 69s/epoch - 171ms/step
Epoch 30/500
400/400 - 69s - loss: 0.1669 - accuracy: 0.9397 - val_loss: 0.1533 - val_accuracy: 0.9519 - 69s/epoch - 172ms/step
Epoch 31/500
400/400 - 69s - loss: 0.1604 - accuracy: 0.9430 - val_loss: 0.1887 - val_accuracy: 0.9506 - 69s/epoch - 172ms/step
Epoch 32/500
400/400 - 69s - loss: 0.1664 - accuracy: 0.9402 - val_loss: 0.1825 - val_accuracy: 0.9425 - 69s/epoch - 172ms/step
Epoch 33/500
400/400 - 69s - loss: 0.1701 - accuracy: 0.9403 - val_loss: 0.1641 - val_accuracy: 0.9394 - 69s/epoch - 171ms/step
Epoch 34/500
400/400 - 69s - loss: 0.1632 - accuracy: 0.9398 - val_loss: 0.1869 - val_accuracy: 0.9444 - 69s/epoch - 172ms/step
Epoch 35/500
400/400 - 69s - loss: 0.1612 - accuracy: 0.9423 - val_loss: 0.1551 - val_accuracy: 0.9575 - 69s/epoch - 172ms/step
Epoch 36/500
400/400 - 69s - loss: 0.1644 - accuracy: 0.9416 - val_loss: 0.1654 - val_accuracy: 0.9494 - 69s/epoch - 172ms/step
Epoch 37/500
400/400 - 69s - loss: 0.1590 - accuracy: 0.9430 - val_loss: 0.1787 - val_accuracy: 0.9481 - 69s/epoch - 171ms/step
Epoch 38/500
400/400 - 69s - loss: 0.1596 - accuracy: 0.9414 - val_loss: 0.1937 - val_accuracy: 0.9362 - 69s/epoch - 172ms/step
Epoch 39/500
400/400 - 69s - loss: 0.1669 - accuracy: 0.9438 - val_loss: 0.1804 - val_accuracy: 0.9444 - 69s/epoch - 172ms/step
Epoch 40/500
400/400 - 69s - loss: 0.1570 - accuracy: 0.9441 - val_loss: 0.1821 - val_accuracy: 0.9531 - 69s/epoch - 173ms/step
Epoch 41/500
400/400 - 69s - loss: 0.1594 - accuracy: 0.9428 - val_loss: 0.1841 - val_accuracy: 0.9525 - 69s/epoch - 172ms/step
Epoch 42/500
400/400 - 69s - loss: 0.1517 - accuracy: 0.9463 - val_loss: 0.1991 - val_accuracy: 0.9331 - 69s/epoch - 171ms/step
Epoch 43/500
400/400 - 69s - loss: 0.1540 - accuracy: 0.9436 - val_loss: 0.1707 - val_accuracy: 0.9444 - 69s/epoch - 172ms/step
Epoch 44/500
400/400 - 69s - loss: 0.1637 - accuracy: 0.9414 - val_loss: 0.1931 - val_accuracy: 0.9488 - 69s/epoch - 171ms/step
Epoch 45/500
400/400 - 69s - loss: 0.1511 - accuracy: 0.9458 - val_loss: 0.1708 - val_accuracy: 0.9488 - 69s/epoch - 171ms/step
Epoch 46/500
400/400 - 69s - loss: 0.1634 - accuracy: 0.9456 - val_loss: 0.1869 - val_accuracy: 0.9438 - 69s/epoch - 171ms/step
Epoch 47/500
400/400 - 69s - loss: 0.1524 - accuracy: 0.9480 - val_loss: 0.1575 - val_accuracy: 0.9519 - 69s/epoch - 171ms/step
Epoch 48/500
400/400 - 69s - loss: 0.1672 - accuracy: 0.9456 - val_loss: 0.1687 - val_accuracy: 0.9525 - 69s/epoch - 172ms/step
Epoch 49/500
400/400 - 69s - loss: 0.1440 - accuracy: 0.9500 - val_loss: 0.2055 - val_accuracy: 0.9538 - 69s/epoch - 172ms/step
Epoch 50/500
400/400 - 69s - loss: 0.1512 - accuracy: 0.9483 - val_loss: 0.1559 - val_accuracy: 0.9550 - 69s/epoch - 172ms/step
Epoch 51/500
400/400 - 69s - loss: 0.1509 - accuracy: 0.9492 - val_loss: 0.1508 - val_accuracy: 0.9538 - 69s/epoch - 171ms/step
Epoch 52/500
400/400 - 69s - loss: 0.1504 - accuracy: 0.9492 - val_loss: 0.1784 - val_accuracy: 0.9450 - 69s/epoch - 171ms/step
Epoch 53/500
400/400 - 69s - loss: 0.1480 - accuracy: 0.9483 - val_loss: 0.1624 - val_accuracy: 0.9550 - 69s/epoch - 172ms/step
Epoch 54/500
400/400 - 69s - loss: 0.1443 - accuracy: 0.9464 - val_loss: 0.1685 - val_accuracy: 0.9500 - 69s/epoch - 171ms/step
Epoch 55/500
400/400 - 69s - loss: 0.1377 - accuracy: 0.9511 - val_loss: 0.2020 - val_accuracy: 0.9519 - 69s/epoch - 171ms/step
Epoch 56/500
400/400 - 68s - loss: 0.1443 - accuracy: 0.9492 - val_loss: 0.1805 - val_accuracy: 0.9506 - 68s/epoch - 171ms/step
Epoch 57/500
400/400 - 69s - loss: 0.1570 - accuracy: 0.9464 - val_loss: 0.1753 - val_accuracy: 0.9519 - 69s/epoch - 172ms/step
Epoch 58/500
400/400 - 69s - loss: 0.1407 - accuracy: 0.9508 - val_loss: 0.2244 - val_accuracy: 0.9419 - 69s/epoch - 171ms/step
Epoch 59/500
400/400 - 69s - loss: 0.1543 - accuracy: 0.9472 - val_loss: 0.2132 - val_accuracy: 0.9469 - 69s/epoch - 172ms/step
Epoch 60/500
400/400 - 69s - loss: 0.1417 - accuracy: 0.9498 - val_loss: 0.2064 - val_accuracy: 0.9488 - 69s/epoch - 171ms/step
Epoch 61/500
400/400 - 69s - loss: 0.1472 - accuracy: 0.9494 - val_loss: 0.1812 - val_accuracy: 0.9481 - 69s/epoch - 171ms/step
Epoch 62/500
400/400 - 69s - loss: 0.1442 - accuracy: 0.9531 - val_loss: 0.2008 - val_accuracy: 0.9438 - 69s/epoch - 171ms/step
Epoch 63/500
400/400 - 69s - loss: 0.1503 - accuracy: 0.9448 - val_loss: 0.1741 - val_accuracy: 0.9525 - 69s/epoch - 172ms/step
Epoch 64/500
400/400 - 69s - loss: 0.1376 - accuracy: 0.9502 - val_loss: 0.2359 - val_accuracy: 0.9438 - 69s/epoch - 171ms/step
Epoch 65/500
400/400 - 68s - loss: 0.1413 - accuracy: 0.9520 - val_loss: 0.1882 - val_accuracy: 0.9444 - 68s/epoch - 171ms/step
Epoch 66/500
400/400 - 69s - loss: 0.1438 - accuracy: 0.9491 - val_loss: 0.1693 - val_accuracy: 0.9544 - 69s/epoch - 172ms/step
Epoch 67/500
400/400 - 69s - loss: 0.1502 - accuracy: 0.9498 - val_loss: 0.2019 - val_accuracy: 0.9444 - 69s/epoch - 172ms/step
Epoch 68/500
400/400 - 69s - loss: 0.1396 - accuracy: 0.9534 - val_loss: 0.1856 - val_accuracy: 0.9469 - 69s/epoch - 171ms/step
Epoch 69/500
400/400 - 69s - loss: 0.1354 - accuracy: 0.9536 - val_loss: 0.2348 - val_accuracy: 0.9494 - 69s/epoch - 172ms/step
Epoch 70/500
400/400 - 68s - loss: 0.1320 - accuracy: 0.9547 - val_loss: 0.1769 - val_accuracy: 0.9500 - 68s/epoch - 171ms/step
Epoch 71/500
400/400 - 68s - loss: 0.1452 - accuracy: 0.9495 - val_loss: 0.1920 - val_accuracy: 0.9525 - 68s/epoch - 171ms/step
Epoch 72/500
400/400 - 69s - loss: 0.1488 - accuracy: 0.9513 - val_loss: 0.1940 - val_accuracy: 0.9581 - 69s/epoch - 172ms/step
Epoch 73/500
400/400 - 68s - loss: 0.1259 - accuracy: 0.9542 - val_loss: 0.2391 - val_accuracy: 0.9513 - 68s/epoch - 171ms/step
Epoch 74/500
400/400 - 69s - loss: 0.1358 - accuracy: 0.9542 - val_loss: 0.1976 - val_accuracy: 0.9463 - 69s/epoch - 172ms/step
Epoch 75/500
400/400 - 69s - loss: 0.1360 - accuracy: 0.9517 - val_loss: 0.2656 - val_accuracy: 0.9375 - 69s/epoch - 172ms/step
Epoch 76/500
400/400 - 69s - loss: 0.1425 - accuracy: 0.9502 - val_loss: 0.1720 - val_accuracy: 0.9613 - 69s/epoch - 172ms/step
Epoch 77/500
400/400 - 69s - loss: 0.1364 - accuracy: 0.9530 - val_loss: 0.2192 - val_accuracy: 0.9569 - 69s/epoch - 171ms/step
Epoch 78/500
400/400 - 68s - loss: 0.1290 - accuracy: 0.9523 - val_loss: 0.2310 - val_accuracy: 0.9488 - 68s/epoch - 171ms/step
Epoch 79/500
400/400 - 69s - loss: 0.1418 - accuracy: 0.9522 - val_loss: 0.2083 - val_accuracy: 0.9450 - 69s/epoch - 171ms/step
Epoch 80/500
400/400 - 68s - loss: 0.1489 - accuracy: 0.9464 - val_loss: 0.2359 - val_accuracy: 0.9431 - 68s/epoch - 171ms/step
Epoch 81/500
400/400 - 68s - loss: 0.1434 - accuracy: 0.9497 - val_loss: 0.1776 - val_accuracy: 0.9506 - 68s/epoch - 171ms/step
Epoch 82/500
400/400 - 69s - loss: 0.1311 - accuracy: 0.9520 - val_loss: 0.1949 - val_accuracy: 0.9463 - 69s/epoch - 172ms/step
Epoch 83/500
400/400 - 68s - loss: 0.1354 - accuracy: 0.9539 - val_loss: 0.2754 - val_accuracy: 0.9525 - 68s/epoch - 171ms/step
Epoch 84/500
400/400 - 69s - loss: 0.1346 - accuracy: 0.9517 - val_loss: 0.2341 - val_accuracy: 0.9563 - 69s/epoch - 171ms/step
Epoch 85/500
400/400 - 68s - loss: 0.1317 - accuracy: 0.9534 - val_loss: 0.2086 - val_accuracy: 0.9506 - 68s/epoch - 171ms/step
Epoch 86/500
400/400 - 69s - loss: 0.1353 - accuracy: 0.9550 - val_loss: 0.2922 - val_accuracy: 0.9500 - 69s/epoch - 172ms/step
Epoch 87/500
400/400 - 68s - loss: 0.1268 - accuracy: 0.9573 - val_loss: 0.2189 - val_accuracy: 0.9494 - 68s/epoch - 171ms/step
Epoch 88/500
400/400 - 68s - loss: 0.1370 - accuracy: 0.9514 - val_loss: 0.2026 - val_accuracy: 0.9369 - 68s/epoch - 171ms/step
Epoch 89/500
400/400 - 68s - loss: 0.1313 - accuracy: 0.9522 - val_loss: 0.2103 - val_accuracy: 0.9506 - 68s/epoch - 171ms/step
Epoch 90/500
400/400 - 69s - loss: 0.1317 - accuracy: 0.9536 - val_loss: 0.2233 - val_accuracy: 0.9531 - 69s/epoch - 171ms/step
Epoch 91/500
400/400 - 69s - loss: 0.1349 - accuracy: 0.9553 - val_loss: 0.2211 - val_accuracy: 0.9519 - 69s/epoch - 172ms/step
Epoch 92/500
400/400 - 68s - loss: 0.1420 - accuracy: 0.9563 - val_loss: 0.2053 - val_accuracy: 0.9538 - 68s/epoch - 171ms/step
Epoch 93/500
400/400 - 68s - loss: 0.1291 - accuracy: 0.9556 - val_loss: 0.2402 - val_accuracy: 0.9438 - 68s/epoch - 171ms/step
Epoch 94/500
400/400 - 69s - loss: 0.1397 - accuracy: 0.9503 - val_loss: 0.2056 - val_accuracy: 0.9575 - 69s/epoch - 172ms/step
Epoch 95/500
400/400 - 69s - loss: 0.1434 - accuracy: 0.9523 - val_loss: 0.2852 - val_accuracy: 0.9481 - 69s/epoch - 171ms/step
Epoch 96/500
400/400 - 69s - loss: 0.1314 - accuracy: 0.9553 - val_loss: 0.2428 - val_accuracy: 0.9563 - 69s/epoch - 171ms/step
Epoch 97/500
400/400 - 69s - loss: 0.1348 - accuracy: 0.9545 - val_loss: 0.2845 - val_accuracy: 0.9556 - 69s/epoch - 171ms/step
Epoch 98/500
400/400 - 68s - loss: 0.1311 - accuracy: 0.9538 - val_loss: 0.2057 - val_accuracy: 0.9569 - 68s/epoch - 171ms/step
Epoch 99/500
400/400 - 69s - loss: 0.1412 - accuracy: 0.9541 - val_loss: 0.1778 - val_accuracy: 0.9538 - 69s/epoch - 172ms/step
Epoch 100/500
400/400 - 68s - loss: 0.1300 - accuracy: 0.9563 - val_loss: 0.2153 - val_accuracy: 0.9538 - 68s/epoch - 171ms/step
Epoch 101/500
400/400 - 68s - loss: 0.1305 - accuracy: 0.9541 - val_loss: 0.2197 - val_accuracy: 0.9538 - 68s/epoch - 171ms/step
Epoch 102/500
400/400 - 68s - loss: 0.1243 - accuracy: 0.9580 - val_loss: 0.2294 - val_accuracy: 0.9463 - 68s/epoch - 171ms/step
Epoch 103/500
400/400 - 69s - loss: 0.1291 - accuracy: 0.9592 - val_loss: 0.1942 - val_accuracy: 0.9469 - 69s/epoch - 171ms/step
Epoch 104/500
400/400 - 68s - loss: 0.1313 - accuracy: 0.9569 - val_loss: 0.2119 - val_accuracy: 0.9463 - 68s/epoch - 171ms/step
Epoch 105/500
400/400 - 68s - loss: 0.1345 - accuracy: 0.9550 - val_loss: 0.2424 - val_accuracy: 0.9475 - 68s/epoch - 171ms/step
Epoch 106/500
400/400 - 69s - loss: 0.1350 - accuracy: 0.9556 - val_loss: 0.2137 - val_accuracy: 0.9481 - 69s/epoch - 171ms/step
Epoch 107/500
400/400 - 69s - loss: 0.1395 - accuracy: 0.9559 - val_loss: 0.2786 - val_accuracy: 0.9525 - 69s/epoch - 171ms/step
Epoch 108/500
400/400 - 68s - loss: 0.1384 - accuracy: 0.9527 - val_loss: 0.2056 - val_accuracy: 0.9506 - 68s/epoch - 171ms/step
Epoch 109/500
400/400 - 69s - loss: 0.1254 - accuracy: 0.9567 - val_loss: 0.3492 - val_accuracy: 0.9419 - 69s/epoch - 171ms/step
Epoch 110/500
400/400 - 68s - loss: 0.1323 - accuracy: 0.9592 - val_loss: 0.2478 - val_accuracy: 0.9419 - 68s/epoch - 171ms/step
Epoch 111/500
400/400 - 68s - loss: 0.1395 - accuracy: 0.9552 - val_loss: 0.2032 - val_accuracy: 0.9463 - 68s/epoch - 171ms/step
Epoch 112/500
400/400 - 68s - loss: 0.1308 - accuracy: 0.9553 - val_loss: 0.2441 - val_accuracy: 0.9400 - 68s/epoch - 171ms/step
Epoch 113/500
400/400 - 68s - loss: 0.1299 - accuracy: 0.9594 - val_loss: 0.2354 - val_accuracy: 0.9538 - 68s/epoch - 171ms/step
Epoch 114/500
400/400 - 69s - loss: 0.1359 - accuracy: 0.9536 - val_loss: 0.2220 - val_accuracy: 0.9469 - 69s/epoch - 172ms/step
Epoch 115/500
400/400 - 68s - loss: 0.1364 - accuracy: 0.9548 - val_loss: 0.1957 - val_accuracy: 0.9463 - 68s/epoch - 170ms/step
Epoch 116/500
400/400 - 69s - loss: 0.1434 - accuracy: 0.9503 - val_loss: 0.2204 - val_accuracy: 0.9406 - 69s/epoch - 172ms/step
Epoch 117/500
400/400 - 68s - loss: 0.1352 - accuracy: 0.9553 - val_loss: 0.1815 - val_accuracy: 0.9475 - 68s/epoch - 171ms/step
Epoch 118/500
400/400 - 69s - loss: 0.1316 - accuracy: 0.9559 - val_loss: 0.2808 - val_accuracy: 0.9531 - 69s/epoch - 171ms/step
Epoch 119/500
400/400 - 68s - loss: 0.1248 - accuracy: 0.9575 - val_loss: 0.3050 - val_accuracy: 0.9525 - 68s/epoch - 171ms/step
Epoch 120/500
400/400 - 68s - loss: 0.1311 - accuracy: 0.9547 - val_loss: 0.2384 - val_accuracy: 0.9506 - 68s/epoch - 171ms/step
Epoch 121/500
400/400 - 68s - loss: 0.1354 - accuracy: 0.9539 - val_loss: 0.2538 - val_accuracy: 0.9488 - 68s/epoch - 171ms/step
Epoch 122/500
400/400 - 68s - loss: 0.1298 - accuracy: 0.9544 - val_loss: 0.1912 - val_accuracy: 0.9488 - 68s/epoch - 170ms/step
Epoch 123/500
400/400 - 68s - loss: 0.1321 - accuracy: 0.9530 - val_loss: 0.2210 - val_accuracy: 0.9613 - 68s/epoch - 171ms/step
Epoch 124/500
400/400 - 68s - loss: 0.1385 - accuracy: 0.9570 - val_loss: 0.2355 - val_accuracy: 0.9575 - 68s/epoch - 171ms/step
Epoch 125/500
400/400 - 68s - loss: 0.1350 - accuracy: 0.9569 - val_loss: 0.2646 - val_accuracy: 0.9300 - 68s/epoch - 171ms/step
Epoch 126/500
400/400 - 68s - loss: 0.1468 - accuracy: 0.9516 - val_loss: 0.1917 - val_accuracy: 0.9425 - 68s/epoch - 171ms/step
Epoch 127/500
400/400 - 68s - loss: 0.1241 - accuracy: 0.9550 - val_loss: 0.3092 - val_accuracy: 0.9475 - 68s/epoch - 171ms/step
Epoch 128/500
400/400 - 69s - loss: 0.1367 - accuracy: 0.9517 - val_loss: 0.2703 - val_accuracy: 0.9581 - 69s/epoch - 171ms/step
Epoch 129/500
400/400 - 68s - loss: 0.1205 - accuracy: 0.9591 - val_loss: 0.2718 - val_accuracy: 0.9475 - 68s/epoch - 171ms/step
Epoch 130/500
400/400 - 68s - loss: 0.1340 - accuracy: 0.9570 - val_loss: 0.2480 - val_accuracy: 0.9531 - 68s/epoch - 171ms/step
Epoch 131/500
400/400 - 68s - loss: 0.1348 - accuracy: 0.9547 - val_loss: 0.2342 - val_accuracy: 0.9488 - 68s/epoch - 171ms/step
Epoch 132/500
400/400 - 68s - loss: 0.1302 - accuracy: 0.9556 - val_loss: 0.3800 - val_accuracy: 0.9506 - 68s/epoch - 171ms/step
Epoch 133/500
400/400 - 68s - loss: 0.1268 - accuracy: 0.9573 - val_loss: 0.2134 - val_accuracy: 0.9444 - 68s/epoch - 171ms/step
Epoch 134/500
400/400 - 68s - loss: 0.1340 - accuracy: 0.9578 - val_loss: 0.1869 - val_accuracy: 0.9425 - 68s/epoch - 171ms/step
Epoch 135/500
400/400 - 68s - loss: 0.1329 - accuracy: 0.9508 - val_loss: 0.2877 - val_accuracy: 0.9406 - 68s/epoch - 171ms/step
Epoch 136/500
400/400 - 68s - loss: 0.1279 - accuracy: 0.9597 - val_loss: 0.4291 - val_accuracy: 0.9475 - 68s/epoch - 171ms/step
Epoch 137/500
400/400 - 68s - loss: 0.1348 - accuracy: 0.9550 - val_loss: 0.2175 - val_accuracy: 0.9494 - 68s/epoch - 171ms/step
Epoch 138/500
400/400 - 68s - loss: 0.1327 - accuracy: 0.9586 - val_loss: 0.2231 - val_accuracy: 0.9500 - 68s/epoch - 171ms/step
Epoch 139/500
400/400 - 68s - loss: 0.1346 - accuracy: 0.9542 - val_loss: 0.3361 - val_accuracy: 0.9450 - 68s/epoch - 171ms/step
Epoch 140/500
400/400 - 68s - loss: 0.1341 - accuracy: 0.9517 - val_loss: 0.2369 - val_accuracy: 0.9450 - 68s/epoch - 171ms/step
Epoch 141/500
400/400 - 68s - loss: 0.1196 - accuracy: 0.9609 - val_loss: 0.3158 - val_accuracy: 0.9519 - 68s/epoch - 171ms/step
Epoch 142/500
400/400 - 68s - loss: 0.1406 - accuracy: 0.9531 - val_loss: 0.2321 - val_accuracy: 0.9469 - 68s/epoch - 170ms/step
Epoch 143/500
400/400 - 68s - loss: 0.1424 - accuracy: 0.9552 - val_loss: 0.2318 - val_accuracy: 0.9431 - 68s/epoch - 171ms/step
Epoch 144/500
400/400 - 68s - loss: 0.1501 - accuracy: 0.9544 - val_loss: 0.3184 - val_accuracy: 0.9413 - 68s/epoch - 171ms/step
Epoch 145/500
400/400 - 68s - loss: 0.1411 - accuracy: 0.9569 - val_loss: 0.2141 - val_accuracy: 0.9463 - 68s/epoch - 170ms/step
Epoch 146/500
400/400 - 68s - loss: 0.1256 - accuracy: 0.9561 - val_loss: 0.2845 - val_accuracy: 0.9425 - 68s/epoch - 171ms/step
Epoch 147/500
400/400 - 68s - loss: 0.1451 - accuracy: 0.9561 - val_loss: 0.2672 - val_accuracy: 0.9563 - 68s/epoch - 171ms/step
Epoch 148/500
400/400 - 68s - loss: 0.1274 - accuracy: 0.9558 - val_loss: 0.3167 - val_accuracy: 0.9488 - 68s/epoch - 171ms/step
Epoch 149/500
400/400 - 68s - loss: 0.1320 - accuracy: 0.9564 - val_loss: 0.3461 - val_accuracy: 0.9463 - 68s/epoch - 171ms/step
Epoch 150/500
400/400 - 69s - loss: 0.1304 - accuracy: 0.9561 - val_loss: 0.2364 - val_accuracy: 0.9250 - 69s/epoch - 171ms/step
Epoch 151/500
400/400 - 68s - loss: 0.1191 - accuracy: 0.9572 - val_loss: 0.2503 - val_accuracy: 0.9300 - 68s/epoch - 171ms/step
Epoch 152/500
400/400 - 68s - loss: 0.1342 - accuracy: 0.9548 - val_loss: 0.2403 - val_accuracy: 0.9513 - 68s/epoch - 171ms/step
Epoch 153/500
400/400 - 68s - loss: 0.1420 - accuracy: 0.9519 - val_loss: 0.2759 - val_accuracy: 0.9525 - 68s/epoch - 170ms/step
Epoch 154/500
400/400 - 68s - loss: 0.1309 - accuracy: 0.9558 - val_loss: 0.4107 - val_accuracy: 0.9431 - 68s/epoch - 171ms/step
Epoch 155/500
400/400 - 68s - loss: 0.1367 - accuracy: 0.9558 - val_loss: 0.4167 - val_accuracy: 0.9444 - 68s/epoch - 170ms/step
Epoch 156/500
400/400 - 68s - loss: 0.1311 - accuracy: 0.9573 - val_loss: 0.3458 - val_accuracy: 0.9506 - 68s/epoch - 171ms/step
Epoch 157/500
400/400 - 68s - loss: 0.1419 - accuracy: 0.9534 - val_loss: 0.2725 - val_accuracy: 0.9525 - 68s/epoch - 171ms/step
Epoch 158/500
400/400 - 68s - loss: 0.1298 - accuracy: 0.9572 - val_loss: 0.2596 - val_accuracy: 0.9538 - 68s/epoch - 171ms/step
Epoch 159/500
400/400 - 68s - loss: 0.1285 - accuracy: 0.9616 - val_loss: 0.3001 - val_accuracy: 0.9494 - 68s/epoch - 170ms/step
Epoch 160/500
400/400 - 68s - loss: 0.1323 - accuracy: 0.9605 - val_loss: 0.2720 - val_accuracy: 0.9400 - 68s/epoch - 171ms/step
Epoch 161/500
400/400 - 68s - loss: 0.1296 - accuracy: 0.9580 - val_loss: 0.3146 - val_accuracy: 0.9569 - 68s/epoch - 171ms/step
Epoch 162/500
400/400 - 68s - loss: 0.1266 - accuracy: 0.9598 - val_loss: 0.2921 - val_accuracy: 0.9475 - 68s/epoch - 170ms/step
Epoch 163/500
400/400 - 68s - loss: 0.1266 - accuracy: 0.9598 - val_loss: 0.2496 - val_accuracy: 0.9319 - 68s/epoch - 171ms/step
Epoch 164/500
400/400 - 68s - loss: 0.1247 - accuracy: 0.9563 - val_loss: 0.2952 - val_accuracy: 0.9469 - 68s/epoch - 171ms/step
Epoch 165/500
400/400 - 68s - loss: 0.1205 - accuracy: 0.9614 - val_loss: 0.2716 - val_accuracy: 0.9469 - 68s/epoch - 171ms/step
Epoch 166/500
400/400 - 68s - loss: 0.1308 - accuracy: 0.9581 - val_loss: 0.2650 - val_accuracy: 0.9525 - 68s/epoch - 170ms/step
Epoch 167/500
400/400 - 69s - loss: 0.1300 - accuracy: 0.9584 - val_loss: 0.2428 - val_accuracy: 0.9519 - 69s/epoch - 171ms/step
Epoch 168/500
400/400 - 68s - loss: 0.1315 - accuracy: 0.9591 - val_loss: 0.2732 - val_accuracy: 0.9388 - 68s/epoch - 171ms/step
Epoch 169/500
400/400 - 68s - loss: 0.1165 - accuracy: 0.9622 - val_loss: 0.3174 - val_accuracy: 0.9494 - 68s/epoch - 171ms/step
Epoch 170/500
400/400 - 68s - loss: 0.1259 - accuracy: 0.9573 - val_loss: 0.3211 - val_accuracy: 0.9531 - 68s/epoch - 171ms/step
Epoch 171/500
400/400 - 68s - loss: 0.1362 - accuracy: 0.9550 - val_loss: 0.2302 - val_accuracy: 0.9275 - 68s/epoch - 171ms/step
Epoch 172/500
400/400 - 68s - loss: 0.1210 - accuracy: 0.9591 - val_loss: 0.4111 - val_accuracy: 0.9450 - 68s/epoch - 171ms/step
Epoch 173/500
400/400 - 68s - loss: 0.1299 - accuracy: 0.9583 - val_loss: 0.3083 - val_accuracy: 0.9469 - 68s/epoch - 171ms/step
Epoch 174/500
400/400 - 68s - loss: 0.1260 - accuracy: 0.9598 - val_loss: 0.2684 - val_accuracy: 0.9469 - 68s/epoch - 171ms/step
Epoch 175/500
400/400 - 68s - loss: 0.1346 - accuracy: 0.9586 - val_loss: 0.2274 - val_accuracy: 0.9463 - 68s/epoch - 171ms/step
Epoch 176/500
400/400 - 68s - loss: 0.1315 - accuracy: 0.9559 - val_loss: 0.2355 - val_accuracy: 0.9475 - 68s/epoch - 170ms/step
Epoch 177/500
400/400 - 68s - loss: 0.1409 - accuracy: 0.9583 - val_loss: 0.2699 - val_accuracy: 0.9519 - 68s/epoch - 171ms/step
Epoch 178/500
400/400 - 68s - loss: 0.1312 - accuracy: 0.9586 - val_loss: 0.3094 - val_accuracy: 0.9519 - 68s/epoch - 171ms/step
Epoch 179/500
400/400 - 68s - loss: 0.1383 - accuracy: 0.9584 - val_loss: 0.3003 - val_accuracy: 0.9475 - 68s/epoch - 171ms/step
Epoch 180/500
400/400 - 68s - loss: 0.1296 - accuracy: 0.9583 - val_loss: 0.3394 - val_accuracy: 0.9456 - 68s/epoch - 171ms/step
Epoch 181/500
400/400 - 68s - loss: 0.1256 - accuracy: 0.9594 - val_loss: 0.2731 - val_accuracy: 0.9538 - 68s/epoch - 171ms/step
Epoch 182/500
400/400 - 68s - loss: 0.1243 - accuracy: 0.9600 - val_loss: 0.2333 - val_accuracy: 0.9456 - 68s/epoch - 171ms/step
Epoch 183/500
400/400 - 68s - loss: 0.1436 - accuracy: 0.9583 - val_loss: 0.2454 - val_accuracy: 0.9425 - 68s/epoch - 170ms/step
Epoch 184/500
400/400 - 68s - loss: 0.1190 - accuracy: 0.9627 - val_loss: 0.2996 - val_accuracy: 0.9519 - 68s/epoch - 171ms/step
Epoch 185/500
400/400 - 69s - loss: 0.1345 - accuracy: 0.9586 - val_loss: 0.3751 - val_accuracy: 0.9500 - 69s/epoch - 171ms/step
Epoch 186/500
400/400 - 68s - loss: 0.1420 - accuracy: 0.9559 - val_loss: 0.2077 - val_accuracy: 0.9362 - 68s/epoch - 170ms/step
Epoch 187/500
400/400 - 68s - loss: 0.1296 - accuracy: 0.9573 - val_loss: 0.3817 - val_accuracy: 0.9456 - 68s/epoch - 171ms/step
Epoch 188/500
400/400 - 68s - loss: 0.1365 - accuracy: 0.9550 - val_loss: 0.3039 - val_accuracy: 0.9556 - 68s/epoch - 171ms/step
Epoch 189/500
400/400 - 68s - loss: 0.1377 - accuracy: 0.9578 - val_loss: 0.2876 - val_accuracy: 0.9525 - 68s/epoch - 171ms/step
Epoch 190/500
400/400 - 68s - loss: 0.1435 - accuracy: 0.9530 - val_loss: 0.3686 - val_accuracy: 0.9406 - 68s/epoch - 171ms/step
Epoch 191/500
400/400 - 68s - loss: 0.1292 - accuracy: 0.9564 - val_loss: 0.2802 - val_accuracy: 0.9406 - 68s/epoch - 171ms/step
Epoch 192/500
400/400 - 69s - loss: 0.1328 - accuracy: 0.9588 - val_loss: 0.2990 - val_accuracy: 0.9488 - 69s/epoch - 172ms/step
Epoch 193/500
400/400 - 68s - loss: 0.1357 - accuracy: 0.9558 - val_loss: 0.3910 - val_accuracy: 0.9538 - 68s/epoch - 171ms/step
Epoch 194/500
400/400 - 68s - loss: 0.1411 - accuracy: 0.9591 - val_loss: 0.2792 - val_accuracy: 0.9463 - 68s/epoch - 171ms/step
Epoch 195/500
400/400 - 68s - loss: 0.1338 - accuracy: 0.9581 - val_loss: 0.2851 - val_accuracy: 0.9463 - 68s/epoch - 171ms/step
Epoch 196/500
400/400 - 68s - loss: 0.1306 - accuracy: 0.9584 - val_loss: 0.4404 - val_accuracy: 0.9544 - 68s/epoch - 170ms/step
Epoch 197/500
400/400 - 68s - loss: 0.1398 - accuracy: 0.9570 - val_loss: 0.3365 - val_accuracy: 0.9475 - 68s/epoch - 171ms/step
Epoch 198/500
400/400 - 68s - loss: 0.1252 - accuracy: 0.9555 - val_loss: 0.2459 - val_accuracy: 0.9481 - 68s/epoch - 171ms/step
Epoch 199/500
400/400 - 68s - loss: 0.1310 - accuracy: 0.9609 - val_loss: 0.5035 - val_accuracy: 0.9306 - 68s/epoch - 170ms/step
Epoch 200/500
400/400 - 68s - loss: 0.1200 - accuracy: 0.9620 - val_loss: 0.2836 - val_accuracy: 0.9531 - 68s/epoch - 171ms/step
Epoch 201/500
400/400 - 68s - loss: 0.1292 - accuracy: 0.9570 - val_loss: 0.2591 - val_accuracy: 0.9456 - 68s/epoch - 171ms/step
Epoch 202/500
400/400 - 68s - loss: 0.1138 - accuracy: 0.9606 - val_loss: 0.4214 - val_accuracy: 0.9481 - 68s/epoch - 170ms/step
Epoch 203/500
400/400 - 68s - loss: 0.1199 - accuracy: 0.9627 - val_loss: 0.3281 - val_accuracy: 0.9506 - 68s/epoch - 171ms/step
Epoch 204/500
400/400 - 68s - loss: 0.1276 - accuracy: 0.9584 - val_loss: 0.3364 - val_accuracy: 0.9463 - 68s/epoch - 171ms/step
Epoch 205/500
400/400 - 68s - loss: 0.1316 - accuracy: 0.9588 - val_loss: 0.2737 - val_accuracy: 0.9463 - 68s/epoch - 171ms/step
Epoch 206/500
400/400 - 68s - loss: 0.1101 - accuracy: 0.9663 - val_loss: 0.3327 - val_accuracy: 0.9481 - 68s/epoch - 171ms/step
Epoch 207/500
400/400 - 68s - loss: 0.1308 - accuracy: 0.9558 - val_loss: 0.2837 - val_accuracy: 0.9513 - 68s/epoch - 171ms/step
Epoch 208/500
400/400 - 68s - loss: 0.1312 - accuracy: 0.9569 - val_loss: 0.2993 - val_accuracy: 0.9500 - 68s/epoch - 171ms/step
Epoch 209/500
400/400 - 69s - loss: 0.1294 - accuracy: 0.9556 - val_loss: 0.4796 - val_accuracy: 0.9406 - 69s/epoch - 171ms/step
Epoch 210/500
400/400 - 68s - loss: 0.1256 - accuracy: 0.9573 - val_loss: 0.4405 - val_accuracy: 0.9494 - 68s/epoch - 171ms/step
Epoch 211/500
400/400 - 68s - loss: 0.1243 - accuracy: 0.9589 - val_loss: 0.3771 - val_accuracy: 0.9588 - 68s/epoch - 171ms/step
Epoch 212/500
400/400 - 68s - loss: 0.1344 - accuracy: 0.9600 - val_loss: 0.3197 - val_accuracy: 0.9413 - 68s/epoch - 170ms/step
Epoch 213/500
400/400 - 68s - loss: 0.1306 - accuracy: 0.9586 - val_loss: 0.3628 - val_accuracy: 0.9556 - 68s/epoch - 171ms/step
Epoch 214/500
400/400 - 68s - loss: 0.1228 - accuracy: 0.9603 - val_loss: 0.3721 - val_accuracy: 0.9481 - 68s/epoch - 170ms/step
Epoch 215/500
400/400 - 68s - loss: 0.1285 - accuracy: 0.9588 - val_loss: 0.3769 - val_accuracy: 0.9388 - 68s/epoch - 171ms/step
Epoch 216/500
400/400 - 68s - loss: 0.1404 - accuracy: 0.9548 - val_loss: 0.3838 - val_accuracy: 0.9581 - 68s/epoch - 171ms/step
Epoch 217/500
400/400 - 68s - loss: 0.1276 - accuracy: 0.9600 - val_loss: 0.3521 - val_accuracy: 0.9444 - 68s/epoch - 171ms/step
Epoch 218/500
400/400 - 69s - loss: 0.1353 - accuracy: 0.9600 - val_loss: 0.2758 - val_accuracy: 0.9337 - 69s/epoch - 171ms/step
Epoch 219/500
400/400 - 68s - loss: 0.1330 - accuracy: 0.9586 - val_loss: 0.2813 - val_accuracy: 0.9450 - 68s/epoch - 171ms/step
Epoch 220/500
400/400 - 68s - loss: 0.1419 - accuracy: 0.9597 - val_loss: 0.2316 - val_accuracy: 0.9425 - 68s/epoch - 171ms/step
Epoch 221/500
400/400 - 68s - loss: 0.1274 - accuracy: 0.9583 - val_loss: 0.2900 - val_accuracy: 0.9506 - 68s/epoch - 171ms/step
Epoch 222/500
400/400 - 68s - loss: 0.1380 - accuracy: 0.9545 - val_loss: 0.2166 - val_accuracy: 0.9413 - 68s/epoch - 171ms/step
Epoch 223/500
400/400 - 68s - loss: 0.1304 - accuracy: 0.9602 - val_loss: 0.3638 - val_accuracy: 0.9513 - 68s/epoch - 171ms/step
Epoch 224/500
400/400 - 68s - loss: 0.1163 - accuracy: 0.9628 - val_loss: 0.5029 - val_accuracy: 0.9475 - 68s/epoch - 171ms/step
Epoch 225/500
400/400 - 68s - loss: 0.1431 - accuracy: 0.9586 - val_loss: 0.5150 - val_accuracy: 0.9438 - 68s/epoch - 171ms/step
Epoch 226/500
400/400 - 68s - loss: 0.1159 - accuracy: 0.9608 - val_loss: 0.3788 - val_accuracy: 0.9444 - 68s/epoch - 170ms/step
Epoch 227/500
400/400 - 68s - loss: 0.1312 - accuracy: 0.9602 - val_loss: 0.3437 - val_accuracy: 0.9356 - 68s/epoch - 171ms/step
Epoch 228/500
400/400 - 68s - loss: 0.1255 - accuracy: 0.9555 - val_loss: 0.2276 - val_accuracy: 0.9413 - 68s/epoch - 171ms/step
Epoch 229/500
400/400 - 68s - loss: 0.1225 - accuracy: 0.9611 - val_loss: 0.3478 - val_accuracy: 0.9356 - 68s/epoch - 171ms/step
Epoch 230/500
400/400 - 68s - loss: 0.1250 - accuracy: 0.9619 - val_loss: 0.2338 - val_accuracy: 0.9513 - 68s/epoch - 171ms/step
Epoch 231/500
400/400 - 68s - loss: 0.1130 - accuracy: 0.9606 - val_loss: 0.4120 - val_accuracy: 0.9538 - 68s/epoch - 171ms/step
Epoch 232/500
400/400 - 68s - loss: 0.1244 - accuracy: 0.9613 - val_loss: 0.3425 - val_accuracy: 0.9475 - 68s/epoch - 171ms/step
Epoch 233/500
400/400 - 68s - loss: 0.1247 - accuracy: 0.9581 - val_loss: 0.3051 - val_accuracy: 0.9306 - 68s/epoch - 171ms/step
Epoch 234/500
400/400 - 68s - loss: 0.1166 - accuracy: 0.9625 - val_loss: 0.2362 - val_accuracy: 0.9500 - 68s/epoch - 171ms/step
Epoch 235/500
400/400 - 69s - loss: 0.1237 - accuracy: 0.9647 - val_loss: 0.2989 - val_accuracy: 0.9475 - 69s/epoch - 171ms/step
Epoch 236/500
400/400 - 68s - loss: 0.1193 - accuracy: 0.9627 - val_loss: 0.3451 - val_accuracy: 0.9556 - 68s/epoch - 170ms/step
Epoch 237/500
400/400 - 68s - loss: 0.1169 - accuracy: 0.9630 - val_loss: 0.3020 - val_accuracy: 0.9419 - 68s/epoch - 170ms/step
Epoch 238/500
400/400 - 68s - loss: 0.1187 - accuracy: 0.9614 - val_loss: 0.4302 - val_accuracy: 0.9362 - 68s/epoch - 170ms/step
Epoch 239/500
400/400 - 68s - loss: 0.1174 - accuracy: 0.9627 - val_loss: 0.3142 - val_accuracy: 0.9475 - 68s/epoch - 171ms/step
Epoch 240/500
400/400 - 68s - loss: 0.1350 - accuracy: 0.9577 - val_loss: 0.3940 - val_accuracy: 0.9531 - 68s/epoch - 171ms/step
Epoch 241/500
400/400 - 68s - loss: 0.1256 - accuracy: 0.9620 - val_loss: 0.3609 - val_accuracy: 0.9538 - 68s/epoch - 171ms/step
Epoch 242/500
400/400 - 68s - loss: 0.1208 - accuracy: 0.9622 - val_loss: 0.3154 - val_accuracy: 0.9531 - 68s/epoch - 171ms/step
Epoch 243/500
400/400 - 68s - loss: 0.1249 - accuracy: 0.9609 - val_loss: 0.2902 - val_accuracy: 0.9406 - 68s/epoch - 171ms/step
Epoch 244/500
400/400 - 69s - loss: 0.1226 - accuracy: 0.9586 - val_loss: 0.3843 - val_accuracy: 0.9475 - 69s/epoch - 172ms/step
Epoch 245/500
400/400 - 68s - loss: 0.1386 - accuracy: 0.9608 - val_loss: 0.3009 - val_accuracy: 0.9519 - 68s/epoch - 171ms/step
Epoch 246/500
400/400 - 68s - loss: 0.1145 - accuracy: 0.9639 - val_loss: 0.2299 - val_accuracy: 0.9388 - 68s/epoch - 171ms/step
Epoch 247/500
400/400 - 68s - loss: 0.1174 - accuracy: 0.9636 - val_loss: 0.3206 - val_accuracy: 0.9513 - 68s/epoch - 171ms/step
Epoch 248/500
400/400 - 68s - loss: 0.1136 - accuracy: 0.9647 - val_loss: 0.3548 - val_accuracy: 0.9331 - 68s/epoch - 170ms/step
Epoch 249/500
400/400 - 68s - loss: 0.1235 - accuracy: 0.9594 - val_loss: 0.2718 - val_accuracy: 0.9544 - 68s/epoch - 171ms/step
Epoch 250/500
400/400 - 68s - loss: 0.1308 - accuracy: 0.9594 - val_loss: 0.3143 - val_accuracy: 0.9500 - 68s/epoch - 170ms/step
Epoch 251/500
400/400 - 68s - loss: 0.1213 - accuracy: 0.9638 - val_loss: 0.2771 - val_accuracy: 0.9475 - 68s/epoch - 171ms/step
Epoch 252/500
400/400 - 68s - loss: 0.1248 - accuracy: 0.9608 - val_loss: 0.2844 - val_accuracy: 0.9375 - 68s/epoch - 170ms/step
Epoch 253/500
400/400 - 68s - loss: 0.1334 - accuracy: 0.9555 - val_loss: 0.3229 - val_accuracy: 0.9500 - 68s/epoch - 171ms/step
Epoch 254/500
400/400 - 68s - loss: 0.1176 - accuracy: 0.9638 - val_loss: 0.3583 - val_accuracy: 0.9394 - 68s/epoch - 171ms/step
Epoch 255/500
400/400 - 68s - loss: 0.1244 - accuracy: 0.9625 - val_loss: 0.2028 - val_accuracy: 0.9463 - 68s/epoch - 170ms/step
Epoch 256/500
400/400 - 68s - loss: 0.1181 - accuracy: 0.9619 - val_loss: 0.5550 - val_accuracy: 0.9488 - 68s/epoch - 171ms/step
Epoch 257/500
400/400 - 68s - loss: 0.1195 - accuracy: 0.9614 - val_loss: 0.3457 - val_accuracy: 0.9569 - 68s/epoch - 171ms/step
Epoch 258/500
400/400 - 68s - loss: 0.1135 - accuracy: 0.9659 - val_loss: 0.3707 - val_accuracy: 0.9469 - 68s/epoch - 171ms/step
Epoch 259/500
400/400 - 68s - loss: 0.1210 - accuracy: 0.9638 - val_loss: 0.2722 - val_accuracy: 0.9413 - 68s/epoch - 171ms/step
Epoch 260/500
400/400 - 68s - loss: 0.1186 - accuracy: 0.9627 - val_loss: 0.2605 - val_accuracy: 0.9531 - 68s/epoch - 170ms/step
Epoch 261/500
400/400 - 68s - loss: 0.1186 - accuracy: 0.9592 - val_loss: 0.3693 - val_accuracy: 0.9450 - 68s/epoch - 171ms/step
Epoch 262/500
400/400 - 68s - loss: 0.1367 - accuracy: 0.9566 - val_loss: 0.4276 - val_accuracy: 0.9406 - 68s/epoch - 171ms/step
Epoch 263/500
400/400 - 68s - loss: 0.1281 - accuracy: 0.9619 - val_loss: 0.5428 - val_accuracy: 0.9494 - 68s/epoch - 170ms/step
Epoch 264/500
400/400 - 68s - loss: 0.1294 - accuracy: 0.9633 - val_loss: 0.3174 - val_accuracy: 0.9500 - 68s/epoch - 171ms/step
Epoch 265/500
400/400 - 68s - loss: 0.1205 - accuracy: 0.9633 - val_loss: 0.2621 - val_accuracy: 0.9450 - 68s/epoch - 171ms/step
Epoch 266/500
400/400 - 68s - loss: 0.1218 - accuracy: 0.9586 - val_loss: 0.3152 - val_accuracy: 0.9575 - 68s/epoch - 171ms/step
Epoch 267/500
400/400 - 68s - loss: 0.1313 - accuracy: 0.9597 - val_loss: 0.6523 - val_accuracy: 0.9331 - 68s/epoch - 171ms/step
Epoch 268/500
400/400 - 68s - loss: 0.1257 - accuracy: 0.9617 - val_loss: 0.4503 - val_accuracy: 0.9419 - 68s/epoch - 171ms/step
Epoch 269/500
400/400 - 68s - loss: 0.1231 - accuracy: 0.9600 - val_loss: 0.3687 - val_accuracy: 0.9344 - 68s/epoch - 171ms/step
Epoch 270/500
400/400 - 68s - loss: 0.1205 - accuracy: 0.9627 - val_loss: 0.4512 - val_accuracy: 0.9463 - 68s/epoch - 171ms/step
Epoch 271/500
400/400 - 68s - loss: 0.1193 - accuracy: 0.9608 - val_loss: 0.3316 - val_accuracy: 0.9519 - 68s/epoch - 171ms/step
Epoch 272/500
400/400 - 68s - loss: 0.1199 - accuracy: 0.9617 - val_loss: 0.2346 - val_accuracy: 0.9513 - 68s/epoch - 171ms/step
Epoch 273/500
400/400 - 68s - loss: 0.1116 - accuracy: 0.9633 - val_loss: 0.2863 - val_accuracy: 0.9519 - 68s/epoch - 170ms/step
Epoch 274/500
400/400 - 68s - loss: 0.1402 - accuracy: 0.9564 - val_loss: 0.3241 - val_accuracy: 0.9456 - 68s/epoch - 171ms/step
Epoch 275/500
400/400 - 68s - loss: 0.1222 - accuracy: 0.9583 - val_loss: 0.2578 - val_accuracy: 0.9381 - 68s/epoch - 170ms/step
Epoch 276/500
400/400 - 68s - loss: 0.1220 - accuracy: 0.9609 - val_loss: 0.2481 - val_accuracy: 0.9525 - 68s/epoch - 170ms/step
Epoch 277/500
400/400 - 68s - loss: 0.1283 - accuracy: 0.9592 - val_loss: 0.3777 - val_accuracy: 0.9519 - 68s/epoch - 171ms/step
Epoch 278/500
400/400 - 68s - loss: 0.1047 - accuracy: 0.9698 - val_loss: 0.2586 - val_accuracy: 0.9525 - 68s/epoch - 171ms/step
Epoch 279/500
400/400 - 69s - loss: 0.1154 - accuracy: 0.9659 - val_loss: 0.2540 - val_accuracy: 0.9294 - 69s/epoch - 172ms/step
Epoch 280/500
400/400 - 68s - loss: 0.1103 - accuracy: 0.9608 - val_loss: 0.3177 - val_accuracy: 0.9525 - 68s/epoch - 171ms/step
Epoch 281/500
400/400 - 68s - loss: 0.1300 - accuracy: 0.9598 - val_loss: 0.4178 - val_accuracy: 0.9556 - 68s/epoch - 171ms/step
Epoch 282/500
400/400 - 68s - loss: 0.1311 - accuracy: 0.9581 - val_loss: 0.3253 - val_accuracy: 0.9406 - 68s/epoch - 171ms/step
Epoch 283/500
400/400 - 68s - loss: 0.1258 - accuracy: 0.9605 - val_loss: 0.3511 - val_accuracy: 0.9431 - 68s/epoch - 171ms/step
Epoch 284/500
400/400 - 68s - loss: 0.1100 - accuracy: 0.9628 - val_loss: 0.3169 - val_accuracy: 0.9463 - 68s/epoch - 171ms/step
Epoch 285/500
400/400 - 68s - loss: 0.1217 - accuracy: 0.9631 - val_loss: 0.3554 - val_accuracy: 0.9419 - 68s/epoch - 170ms/step
Epoch 286/500
400/400 - 68s - loss: 0.1196 - accuracy: 0.9667 - val_loss: 0.3187 - val_accuracy: 0.9506 - 68s/epoch - 171ms/step
Epoch 287/500
400/400 - 68s - loss: 0.1260 - accuracy: 0.9623 - val_loss: 0.5548 - val_accuracy: 0.9381 - 68s/epoch - 171ms/step
Epoch 288/500
400/400 - 68s - loss: 0.1310 - accuracy: 0.9598 - val_loss: 0.3327 - val_accuracy: 0.9569 - 68s/epoch - 170ms/step
Epoch 289/500
400/400 - 68s - loss: 0.1259 - accuracy: 0.9609 - val_loss: 0.2649 - val_accuracy: 0.9488 - 68s/epoch - 171ms/step
Epoch 290/500
400/400 - 68s - loss: 0.1177 - accuracy: 0.9666 - val_loss: 0.3254 - val_accuracy: 0.9531 - 68s/epoch - 171ms/step
Epoch 291/500
400/400 - 68s - loss: 0.1254 - accuracy: 0.9620 - val_loss: 0.3032 - val_accuracy: 0.9556 - 68s/epoch - 171ms/step
Epoch 292/500
400/400 - 68s - loss: 0.1156 - accuracy: 0.9616 - val_loss: 0.5631 - val_accuracy: 0.9450 - 68s/epoch - 171ms/step
Epoch 293/500
400/400 - 68s - loss: 0.1322 - accuracy: 0.9584 - val_loss: 0.3634 - val_accuracy: 0.9563 - 68s/epoch - 171ms/step
Epoch 294/500
400/400 - 68s - loss: 0.1142 - accuracy: 0.9642 - val_loss: 0.3185 - val_accuracy: 0.9544 - 68s/epoch - 170ms/step
Epoch 295/500
400/400 - 68s - loss: 0.1043 - accuracy: 0.9645 - val_loss: 0.3883 - val_accuracy: 0.9506 - 68s/epoch - 171ms/step
Epoch 296/500
400/400 - 68s - loss: 0.1128 - accuracy: 0.9623 - val_loss: 0.2791 - val_accuracy: 0.9419 - 68s/epoch - 171ms/step
Epoch 297/500
400/400 - 68s - loss: 0.1173 - accuracy: 0.9609 - val_loss: 0.3034 - val_accuracy: 0.9531 - 68s/epoch - 170ms/step
Epoch 298/500
400/400 - 68s - loss: 0.1169 - accuracy: 0.9641 - val_loss: 0.5266 - val_accuracy: 0.9425 - 68s/epoch - 171ms/step
Epoch 299/500
400/400 - 68s - loss: 0.1130 - accuracy: 0.9641 - val_loss: 0.4126 - val_accuracy: 0.9525 - 68s/epoch - 171ms/step
Epoch 300/500
400/400 - 68s - loss: 0.1254 - accuracy: 0.9592 - val_loss: 0.3143 - val_accuracy: 0.9463 - 68s/epoch - 171ms/step
Epoch 301/500
400/400 - 68s - loss: 0.1239 - accuracy: 0.9664 - val_loss: 0.4097 - val_accuracy: 0.9488 - 68s/epoch - 171ms/step
Epoch 302/500
400/400 - 68s - loss: 0.1321 - accuracy: 0.9613 - val_loss: 0.3627 - val_accuracy: 0.9500 - 68s/epoch - 171ms/step
Epoch 303/500
400/400 - 68s - loss: 0.1146 - accuracy: 0.9658 - val_loss: 0.4216 - val_accuracy: 0.9488 - 68s/epoch - 171ms/step
Epoch 304/500
400/400 - 68s - loss: 0.1239 - accuracy: 0.9633 - val_loss: 0.2364 - val_accuracy: 0.9513 - 68s/epoch - 170ms/step
Epoch 305/500
400/400 - 68s - loss: 0.1154 - accuracy: 0.9608 - val_loss: 0.3342 - val_accuracy: 0.9419 - 68s/epoch - 171ms/step
Epoch 306/500
400/400 - 68s - loss: 0.1114 - accuracy: 0.9628 - val_loss: 0.2769 - val_accuracy: 0.9500 - 68s/epoch - 171ms/step
Epoch 307/500
400/400 - 68s - loss: 0.1171 - accuracy: 0.9622 - val_loss: 0.2985 - val_accuracy: 0.9513 - 68s/epoch - 171ms/step
Epoch 308/500
400/400 - 68s - loss: 0.1218 - accuracy: 0.9620 - val_loss: 0.3719 - val_accuracy: 0.9438 - 68s/epoch - 171ms/step
Epoch 309/500
400/400 - 68s - loss: 0.1184 - accuracy: 0.9616 - val_loss: 0.4263 - val_accuracy: 0.9425 - 68s/epoch - 170ms/step
Epoch 310/500
400/400 - 68s - loss: 0.1199 - accuracy: 0.9639 - val_loss: 0.4679 - val_accuracy: 0.9413 - 68s/epoch - 171ms/step
Epoch 311/500
400/400 - 68s - loss: 0.1275 - accuracy: 0.9634 - val_loss: 0.3944 - val_accuracy: 0.9469 - 68s/epoch - 171ms/step
Epoch 312/500
400/400 - 68s - loss: 0.1077 - accuracy: 0.9683 - val_loss: 0.3916 - val_accuracy: 0.9519 - 68s/epoch - 171ms/step
Epoch 313/500
400/400 - 69s - loss: 0.1147 - accuracy: 0.9670 - val_loss: 0.3046 - val_accuracy: 0.9375 - 69s/epoch - 171ms/step
Epoch 314/500
400/400 - 68s - loss: 0.1156 - accuracy: 0.9606 - val_loss: 0.4583 - val_accuracy: 0.9550 - 68s/epoch - 171ms/step
Epoch 315/500
400/400 - 68s - loss: 0.1321 - accuracy: 0.9591 - val_loss: 0.2357 - val_accuracy: 0.9481 - 68s/epoch - 171ms/step
Epoch 316/500
400/400 - 68s - loss: 0.1253 - accuracy: 0.9608 - val_loss: 0.3464 - val_accuracy: 0.9588 - 68s/epoch - 171ms/step
Epoch 317/500
400/400 - 68s - loss: 0.1113 - accuracy: 0.9628 - val_loss: 0.3761 - val_accuracy: 0.9525 - 68s/epoch - 171ms/step
Epoch 318/500
400/400 - 68s - loss: 0.1235 - accuracy: 0.9616 - val_loss: 0.4638 - val_accuracy: 0.9475 - 68s/epoch - 171ms/step
Epoch 319/500
400/400 - 68s - loss: 0.1019 - accuracy: 0.9717 - val_loss: 0.2759 - val_accuracy: 0.9456 - 68s/epoch - 171ms/step
Epoch 320/500
400/400 - 68s - loss: 0.1185 - accuracy: 0.9652 - val_loss: 0.3321 - val_accuracy: 0.9525 - 68s/epoch - 171ms/step
Epoch 321/500
400/400 - 68s - loss: 0.1319 - accuracy: 0.9639 - val_loss: 0.3093 - val_accuracy: 0.9594 - 68s/epoch - 171ms/step
Epoch 322/500
400/400 - 69s - loss: 0.1158 - accuracy: 0.9641 - val_loss: 0.2858 - val_accuracy: 0.9388 - 69s/epoch - 171ms/step
Epoch 323/500
400/400 - 68s - loss: 0.1262 - accuracy: 0.9597 - val_loss: 0.2998 - val_accuracy: 0.9525 - 68s/epoch - 171ms/step
Epoch 324/500
400/400 - 68s - loss: 0.1188 - accuracy: 0.9623 - val_loss: 0.2949 - val_accuracy: 0.9469 - 68s/epoch - 171ms/step
Epoch 325/500
400/400 - 68s - loss: 0.1168 - accuracy: 0.9636 - val_loss: 0.3028 - val_accuracy: 0.9500 - 68s/epoch - 171ms/step
Epoch 326/500
400/400 - 68s - loss: 0.1161 - accuracy: 0.9628 - val_loss: 0.7387 - val_accuracy: 0.9450 - 68s/epoch - 171ms/step
Epoch 327/500
400/400 - 68s - loss: 0.1167 - accuracy: 0.9622 - val_loss: 0.4388 - val_accuracy: 0.9519 - 68s/epoch - 171ms/step
Epoch 328/500
400/400 - 68s - loss: 0.1290 - accuracy: 0.9630 - val_loss: 0.4903 - val_accuracy: 0.9544 - 68s/epoch - 171ms/step
Epoch 329/500
400/400 - 68s - loss: 0.1344 - accuracy: 0.9619 - val_loss: 0.3362 - val_accuracy: 0.9525 - 68s/epoch - 171ms/step
Epoch 330/500
400/400 - 68s - loss: 0.1267 - accuracy: 0.9634 - val_loss: 0.3289 - val_accuracy: 0.9488 - 68s/epoch - 170ms/step
Epoch 331/500
400/400 - 68s - loss: 0.1125 - accuracy: 0.9625 - val_loss: 0.3791 - val_accuracy: 0.9556 - 68s/epoch - 171ms/step
Epoch 332/500
400/400 - 68s - loss: 0.1120 - accuracy: 0.9652 - val_loss: 0.3945 - val_accuracy: 0.9506 - 68s/epoch - 171ms/step
Epoch 333/500
400/400 - 68s - loss: 0.1205 - accuracy: 0.9631 - val_loss: 0.4680 - val_accuracy: 0.9494 - 68s/epoch - 171ms/step
Epoch 334/500
400/400 - 68s - loss: 0.1222 - accuracy: 0.9636 - val_loss: 0.3720 - val_accuracy: 0.9494 - 68s/epoch - 171ms/step
Epoch 335/500
400/400 - 68s - loss: 0.1063 - accuracy: 0.9675 - val_loss: 0.4072 - val_accuracy: 0.9544 - 68s/epoch - 171ms/step
Epoch 336/500
400/400 - 68s - loss: 0.1175 - accuracy: 0.9641 - val_loss: 0.4213 - val_accuracy: 0.9475 - 68s/epoch - 170ms/step
Epoch 337/500
400/400 - 68s - loss: 0.1171 - accuracy: 0.9638 - val_loss: 0.4251 - val_accuracy: 0.9556 - 68s/epoch - 171ms/step
Epoch 338/500
400/400 - 68s - loss: 0.1251 - accuracy: 0.9605 - val_loss: 0.2924 - val_accuracy: 0.9519 - 68s/epoch - 171ms/step
Epoch 339/500
400/400 - 68s - loss: 0.1297 - accuracy: 0.9656 - val_loss: 0.3863 - val_accuracy: 0.9500 - 68s/epoch - 171ms/step
Epoch 340/500
400/400 - 68s - loss: 0.1270 - accuracy: 0.9631 - val_loss: 0.4031 - val_accuracy: 0.9550 - 68s/epoch - 171ms/step
Epoch 341/500
400/400 - 68s - loss: 0.1246 - accuracy: 0.9656 - val_loss: 0.3199 - val_accuracy: 0.9519 - 68s/epoch - 171ms/step
Epoch 342/500
400/400 - 68s - loss: 0.1145 - accuracy: 0.9644 - val_loss: 0.3994 - val_accuracy: 0.9506 - 68s/epoch - 171ms/step
Epoch 343/500
400/400 - 68s - loss: 0.1134 - accuracy: 0.9653 - val_loss: 0.3765 - val_accuracy: 0.9569 - 68s/epoch - 170ms/step
Epoch 344/500
400/400 - 68s - loss: 0.0990 - accuracy: 0.9691 - val_loss: 0.5154 - val_accuracy: 0.9506 - 68s/epoch - 171ms/step
Epoch 345/500
400/400 - 68s - loss: 0.1177 - accuracy: 0.9698 - val_loss: 0.3484 - val_accuracy: 0.9563 - 68s/epoch - 171ms/step
Epoch 346/500
400/400 - 68s - loss: 0.1103 - accuracy: 0.9678 - val_loss: 0.2911 - val_accuracy: 0.9463 - 68s/epoch - 171ms/step
Epoch 347/500
400/400 - 68s - loss: 0.1310 - accuracy: 0.9647 - val_loss: 0.4958 - val_accuracy: 0.9513 - 68s/epoch - 171ms/step
Epoch 348/500
400/400 - 69s - loss: 0.1202 - accuracy: 0.9633 - val_loss: 0.4286 - val_accuracy: 0.9513 - 69s/epoch - 172ms/step
Epoch 349/500
400/400 - 68s - loss: 0.1014 - accuracy: 0.9638 - val_loss: 0.3869 - val_accuracy: 0.9525 - 68s/epoch - 171ms/step
Epoch 350/500
400/400 - 68s - loss: 0.1269 - accuracy: 0.9625 - val_loss: 0.3026 - val_accuracy: 0.9481 - 68s/epoch - 170ms/step
Epoch 351/500
400/400 - 68s - loss: 0.1146 - accuracy: 0.9617 - val_loss: 0.4290 - val_accuracy: 0.9563 - 68s/epoch - 171ms/step
Epoch 352/500
400/400 - 68s - loss: 0.1184 - accuracy: 0.9634 - val_loss: 0.4812 - val_accuracy: 0.9494 - 68s/epoch - 171ms/step
Epoch 353/500
400/400 - 68s - loss: 0.1288 - accuracy: 0.9645 - val_loss: 0.4087 - val_accuracy: 0.9538 - 68s/epoch - 170ms/step
Epoch 354/500
400/400 - 68s - loss: 0.1120 - accuracy: 0.9673 - val_loss: 0.5335 - val_accuracy: 0.9513 - 68s/epoch - 171ms/step
Epoch 355/500
400/400 - 68s - loss: 0.1087 - accuracy: 0.9677 - val_loss: 0.4709 - val_accuracy: 0.9475 - 68s/epoch - 171ms/step
Epoch 356/500
400/400 - 68s - loss: 0.1173 - accuracy: 0.9628 - val_loss: 0.4267 - val_accuracy: 0.9456 - 68s/epoch - 171ms/step
Epoch 357/500
400/400 - 69s - loss: 0.1181 - accuracy: 0.9692 - val_loss: 0.3614 - val_accuracy: 0.9563 - 69s/epoch - 171ms/step
Epoch 358/500
400/400 - 68s - loss: 0.1233 - accuracy: 0.9630 - val_loss: 0.5368 - val_accuracy: 0.9469 - 68s/epoch - 170ms/step
Epoch 359/500
400/400 - 68s - loss: 0.1278 - accuracy: 0.9658 - val_loss: 0.6489 - val_accuracy: 0.9425 - 68s/epoch - 171ms/step
Epoch 360/500
400/400 - 68s - loss: 0.1117 - accuracy: 0.9666 - val_loss: 0.3915 - val_accuracy: 0.9525 - 68s/epoch - 171ms/step
Epoch 361/500
400/400 - 68s - loss: 0.1289 - accuracy: 0.9598 - val_loss: 0.3352 - val_accuracy: 0.9531 - 68s/epoch - 171ms/step
Epoch 362/500
400/400 - 68s - loss: 0.1256 - accuracy: 0.9659 - val_loss: 0.4392 - val_accuracy: 0.9563 - 68s/epoch - 170ms/step
Epoch 363/500
400/400 - 68s - loss: 0.1240 - accuracy: 0.9645 - val_loss: 0.4046 - val_accuracy: 0.9519 - 68s/epoch - 171ms/step
Epoch 364/500
400/400 - 68s - loss: 0.1157 - accuracy: 0.9616 - val_loss: 0.4103 - val_accuracy: 0.9538 - 68s/epoch - 171ms/step
Epoch 365/500
400/400 - 68s - loss: 0.1322 - accuracy: 0.9598 - val_loss: 0.3301 - val_accuracy: 0.9450 - 68s/epoch - 171ms/step
Epoch 366/500
400/400 - 68s - loss: 0.1158 - accuracy: 0.9641 - val_loss: 0.5104 - val_accuracy: 0.9544 - 68s/epoch - 171ms/step
Epoch 367/500
400/400 - 68s - loss: 0.1250 - accuracy: 0.9616 - val_loss: 0.3578 - val_accuracy: 0.9463 - 68s/epoch - 171ms/step
Epoch 368/500
400/400 - 68s - loss: 0.1444 - accuracy: 0.9614 - val_loss: 0.2938 - val_accuracy: 0.9369 - 68s/epoch - 171ms/step
Epoch 369/500
400/400 - 68s - loss: 0.1051 - accuracy: 0.9675 - val_loss: 0.4696 - val_accuracy: 0.9513 - 68s/epoch - 171ms/step
Epoch 370/500
400/400 - 68s - loss: 0.1182 - accuracy: 0.9616 - val_loss: 0.4826 - val_accuracy: 0.9513 - 68s/epoch - 170ms/step
Epoch 371/500
400/400 - 68s - loss: 0.1156 - accuracy: 0.9647 - val_loss: 0.3618 - val_accuracy: 0.9500 - 68s/epoch - 171ms/step
Epoch 372/500
400/400 - 68s - loss: 0.1114 - accuracy: 0.9623 - val_loss: 0.3281 - val_accuracy: 0.9337 - 68s/epoch - 171ms/step
Epoch 373/500
400/400 - 68s - loss: 0.1164 - accuracy: 0.9647 - val_loss: 0.4211 - val_accuracy: 0.9581 - 68s/epoch - 171ms/step
Epoch 374/500
400/400 - 68s - loss: 0.1257 - accuracy: 0.9592 - val_loss: 0.4981 - val_accuracy: 0.9563 - 68s/epoch - 171ms/step
Epoch 375/500
400/400 - 68s - loss: 0.1295 - accuracy: 0.9620 - val_loss: 0.2380 - val_accuracy: 0.9438 - 68s/epoch - 171ms/step
Epoch 376/500
400/400 - 68s - loss: 0.1231 - accuracy: 0.9636 - val_loss: 0.3542 - val_accuracy: 0.9475 - 68s/epoch - 170ms/step
Epoch 377/500
400/400 - 68s - loss: 0.1262 - accuracy: 0.9634 - val_loss: 0.3480 - val_accuracy: 0.9438 - 68s/epoch - 170ms/step
Epoch 378/500
400/400 - 68s - loss: 0.1139 - accuracy: 0.9653 - val_loss: 0.3917 - val_accuracy: 0.9506 - 68s/epoch - 171ms/step
Epoch 379/500
400/400 - 68s - loss: 0.1250 - accuracy: 0.9619 - val_loss: 0.4816 - val_accuracy: 0.9513 - 68s/epoch - 170ms/step
Epoch 380/500
400/400 - 68s - loss: 0.1273 - accuracy: 0.9619 - val_loss: 0.4983 - val_accuracy: 0.9531 - 68s/epoch - 171ms/step
Epoch 381/500
400/400 - 68s - loss: 0.1260 - accuracy: 0.9609 - val_loss: 0.4184 - val_accuracy: 0.9513 - 68s/epoch - 171ms/step
Epoch 382/500
400/400 - 68s - loss: 0.1223 - accuracy: 0.9653 - val_loss: 0.5942 - val_accuracy: 0.9513 - 68s/epoch - 170ms/step
Epoch 383/500
400/400 - 68s - loss: 0.1097 - accuracy: 0.9656 - val_loss: 0.4002 - val_accuracy: 0.9563 - 68s/epoch - 171ms/step
Epoch 384/500
400/400 - 68s - loss: 0.1265 - accuracy: 0.9600 - val_loss: 0.4524 - val_accuracy: 0.9556 - 68s/epoch - 171ms/step
Epoch 385/500
400/400 - 68s - loss: 0.1262 - accuracy: 0.9656 - val_loss: 0.4484 - val_accuracy: 0.9531 - 68s/epoch - 170ms/step
Epoch 386/500
400/400 - 68s - loss: 0.1128 - accuracy: 0.9658 - val_loss: 0.4873 - val_accuracy: 0.9481 - 68s/epoch - 171ms/step
Epoch 387/500
400/400 - 68s - loss: 0.1090 - accuracy: 0.9669 - val_loss: 0.4353 - val_accuracy: 0.9488 - 68s/epoch - 171ms/step
Epoch 388/500
400/400 - 68s - loss: 0.1269 - accuracy: 0.9638 - val_loss: 0.4455 - val_accuracy: 0.9569 - 68s/epoch - 171ms/step
Epoch 389/500
400/400 - 68s - loss: 0.1179 - accuracy: 0.9667 - val_loss: 0.3211 - val_accuracy: 0.9425 - 68s/epoch - 171ms/step
Epoch 390/500
400/400 - 68s - loss: 0.1194 - accuracy: 0.9659 - val_loss: 0.5165 - val_accuracy: 0.9563 - 68s/epoch - 171ms/step
Epoch 391/500
400/400 - 68s - loss: 0.1139 - accuracy: 0.9680 - val_loss: 0.4369 - val_accuracy: 0.9438 - 68s/epoch - 171ms/step
Epoch 392/500
400/400 - 68s - loss: 0.1321 - accuracy: 0.9636 - val_loss: 0.7460 - val_accuracy: 0.9500 - 68s/epoch - 170ms/step
Epoch 393/500
400/400 - 68s - loss: 0.1260 - accuracy: 0.9642 - val_loss: 0.5226 - val_accuracy: 0.9494 - 68s/epoch - 171ms/step
Epoch 394/500
400/400 - 68s - loss: 0.1360 - accuracy: 0.9588 - val_loss: 0.3372 - val_accuracy: 0.9456 - 68s/epoch - 171ms/step
Epoch 395/500
400/400 - 68s - loss: 0.1366 - accuracy: 0.9647 - val_loss: 0.4796 - val_accuracy: 0.9550 - 68s/epoch - 171ms/step
Epoch 396/500
400/400 - 68s - loss: 0.1143 - accuracy: 0.9681 - val_loss: 0.4248 - val_accuracy: 0.9525 - 68s/epoch - 171ms/step
Epoch 397/500
400/400 - 68s - loss: 0.1224 - accuracy: 0.9673 - val_loss: 0.5510 - val_accuracy: 0.9569 - 68s/epoch - 171ms/step
Epoch 398/500
400/400 - 68s - loss: 0.1085 - accuracy: 0.9645 - val_loss: 0.3889 - val_accuracy: 0.9513 - 68s/epoch - 171ms/step
Epoch 399/500
400/400 - 68s - loss: 0.1222 - accuracy: 0.9672 - val_loss: 0.4342 - val_accuracy: 0.9550 - 68s/epoch - 171ms/step
Epoch 400/500
400/400 - 69s - loss: 0.1104 - accuracy: 0.9683 - val_loss: 0.3879 - val_accuracy: 0.9513 - 69s/epoch - 172ms/step
Epoch 401/500
400/400 - 68s - loss: 0.1259 - accuracy: 0.9642 - val_loss: 0.5691 - val_accuracy: 0.9556 - 68s/epoch - 171ms/step
Epoch 402/500
400/400 - 68s - loss: 0.1151 - accuracy: 0.9642 - val_loss: 0.5088 - val_accuracy: 0.9506 - 68s/epoch - 171ms/step
Epoch 403/500
400/400 - 68s - loss: 0.1193 - accuracy: 0.9641 - val_loss: 0.3799 - val_accuracy: 0.9550 - 68s/epoch - 171ms/step
Epoch 404/500
400/400 - 68s - loss: 0.1206 - accuracy: 0.9602 - val_loss: 0.5579 - val_accuracy: 0.9494 - 68s/epoch - 171ms/step
Epoch 405/500
400/400 - 68s - loss: 0.1178 - accuracy: 0.9638 - val_loss: 0.5923 - val_accuracy: 0.9506 - 68s/epoch - 171ms/step
Epoch 406/500
400/400 - 68s - loss: 0.1158 - accuracy: 0.9664 - val_loss: 0.5924 - val_accuracy: 0.9563 - 68s/epoch - 171ms/step
Epoch 407/500
400/400 - 68s - loss: 0.1194 - accuracy: 0.9694 - val_loss: 0.5374 - val_accuracy: 0.9469 - 68s/epoch - 171ms/step
Epoch 408/500
400/400 - 69s - loss: 0.1029 - accuracy: 0.9688 - val_loss: 0.4866 - val_accuracy: 0.9488 - 69s/epoch - 171ms/step
Epoch 409/500
400/400 - 69s - loss: 0.1308 - accuracy: 0.9619 - val_loss: 0.3528 - val_accuracy: 0.9481 - 69s/epoch - 171ms/step
Epoch 410/500
400/400 - 68s - loss: 0.1170 - accuracy: 0.9608 - val_loss: 0.4489 - val_accuracy: 0.9550 - 68s/epoch - 171ms/step
Epoch 411/500
400/400 - 68s - loss: 0.1332 - accuracy: 0.9589 - val_loss: 0.3823 - val_accuracy: 0.9569 - 68s/epoch - 171ms/step
Epoch 412/500
400/400 - 68s - loss: 0.1172 - accuracy: 0.9622 - val_loss: 0.3656 - val_accuracy: 0.9444 - 68s/epoch - 171ms/step
Epoch 413/500
400/400 - 68s - loss: 0.1315 - accuracy: 0.9647 - val_loss: 0.5183 - val_accuracy: 0.9531 - 68s/epoch - 170ms/step
Epoch 414/500
400/400 - 68s - loss: 0.1343 - accuracy: 0.9636 - val_loss: 0.4367 - val_accuracy: 0.9469 - 68s/epoch - 171ms/step
Epoch 415/500
400/400 - 69s - loss: 0.1213 - accuracy: 0.9648 - val_loss: 0.3588 - val_accuracy: 0.9475 - 69s/epoch - 172ms/step
Epoch 416/500
400/400 - 68s - loss: 0.1248 - accuracy: 0.9619 - val_loss: 0.4254 - val_accuracy: 0.9488 - 68s/epoch - 170ms/step
Epoch 417/500
400/400 - 69s - loss: 0.1332 - accuracy: 0.9594 - val_loss: 0.4307 - val_accuracy: 0.9406 - 69s/epoch - 172ms/step
Epoch 418/500
400/400 - 68s - loss: 0.1104 - accuracy: 0.9666 - val_loss: 0.4118 - val_accuracy: 0.9475 - 68s/epoch - 171ms/step
Epoch 419/500
400/400 - 68s - loss: 0.1165 - accuracy: 0.9686 - val_loss: 0.4852 - val_accuracy: 0.9531 - 68s/epoch - 171ms/step
Epoch 420/500
400/400 - 68s - loss: 0.1183 - accuracy: 0.9623 - val_loss: 0.3283 - val_accuracy: 0.9475 - 68s/epoch - 171ms/step
Epoch 421/500
400/400 - 68s - loss: 0.1107 - accuracy: 0.9664 - val_loss: 0.5760 - val_accuracy: 0.9600 - 68s/epoch - 171ms/step
Epoch 422/500
400/400 - 68s - loss: 0.1259 - accuracy: 0.9638 - val_loss: 0.5557 - val_accuracy: 0.9406 - 68s/epoch - 171ms/step
Epoch 423/500
400/400 - 68s - loss: 0.1210 - accuracy: 0.9653 - val_loss: 0.4841 - val_accuracy: 0.9475 - 68s/epoch - 171ms/step
Epoch 424/500
400/400 - 68s - loss: 0.1177 - accuracy: 0.9653 - val_loss: 0.4912 - val_accuracy: 0.9513 - 68s/epoch - 171ms/step
Epoch 425/500
400/400 - 68s - loss: 0.1315 - accuracy: 0.9658 - val_loss: 0.4440 - val_accuracy: 0.9463 - 68s/epoch - 171ms/step
Epoch 426/500
400/400 - 68s - loss: 0.1126 - accuracy: 0.9638 - val_loss: 0.3733 - val_accuracy: 0.9481 - 68s/epoch - 171ms/step
Epoch 427/500
400/400 - 68s - loss: 0.1203 - accuracy: 0.9638 - val_loss: 0.4314 - val_accuracy: 0.9494 - 68s/epoch - 171ms/step
Epoch 428/500
400/400 - 68s - loss: 0.1100 - accuracy: 0.9705 - val_loss: 0.5109 - val_accuracy: 0.9525 - 68s/epoch - 170ms/step
Epoch 429/500
400/400 - 68s - loss: 0.1377 - accuracy: 0.9575 - val_loss: 0.3825 - val_accuracy: 0.9475 - 68s/epoch - 171ms/step
Epoch 430/500
400/400 - 68s - loss: 0.1141 - accuracy: 0.9678 - val_loss: 0.7117 - val_accuracy: 0.9425 - 68s/epoch - 170ms/step
Epoch 431/500
400/400 - 68s - loss: 0.1052 - accuracy: 0.9675 - val_loss: 0.4780 - val_accuracy: 0.9438 - 68s/epoch - 170ms/step
Epoch 432/500
400/400 - 69s - loss: 0.1173 - accuracy: 0.9661 - val_loss: 0.6021 - val_accuracy: 0.9463 - 69s/epoch - 171ms/step
Epoch 433/500
400/400 - 68s - loss: 0.1139 - accuracy: 0.9655 - val_loss: 0.5345 - val_accuracy: 0.9594 - 68s/epoch - 171ms/step
Epoch 434/500
400/400 - 69s - loss: 0.1277 - accuracy: 0.9659 - val_loss: 0.3828 - val_accuracy: 0.9325 - 69s/epoch - 171ms/step
Epoch 435/500
400/400 - 68s - loss: 0.1240 - accuracy: 0.9613 - val_loss: 0.3961 - val_accuracy: 0.9550 - 68s/epoch - 171ms/step
Epoch 436/500
400/400 - 68s - loss: 0.1061 - accuracy: 0.9702 - val_loss: 0.5905 - val_accuracy: 0.9463 - 68s/epoch - 171ms/step
Epoch 437/500
400/400 - 68s - loss: 0.1143 - accuracy: 0.9619 - val_loss: 0.4089 - val_accuracy: 0.9444 - 68s/epoch - 171ms/step
Epoch 438/500
400/400 - 69s - loss: 0.1059 - accuracy: 0.9641 - val_loss: 0.3715 - val_accuracy: 0.9563 - 69s/epoch - 171ms/step
Epoch 439/500
400/400 - 68s - loss: 0.1169 - accuracy: 0.9633 - val_loss: 0.3525 - val_accuracy: 0.9525 - 68s/epoch - 171ms/step
Epoch 440/500
400/400 - 68s - loss: 0.1154 - accuracy: 0.9678 - val_loss: 0.5427 - val_accuracy: 0.9469 - 68s/epoch - 171ms/step
Epoch 441/500
400/400 - 69s - loss: 0.1187 - accuracy: 0.9688 - val_loss: 0.4329 - val_accuracy: 0.9519 - 69s/epoch - 171ms/step
Epoch 442/500
400/400 - 68s - loss: 0.1138 - accuracy: 0.9683 - val_loss: 0.5378 - val_accuracy: 0.9550 - 68s/epoch - 171ms/step
Epoch 443/500
400/400 - 69s - loss: 0.1351 - accuracy: 0.9609 - val_loss: 0.4866 - val_accuracy: 0.9444 - 69s/epoch - 171ms/step
Epoch 444/500
400/400 - 70s - loss: 0.1251 - accuracy: 0.9636 - val_loss: 0.3942 - val_accuracy: 0.9500 - 70s/epoch - 176ms/step
Epoch 445/500
400/400 - 69s - loss: 0.1101 - accuracy: 0.9692 - val_loss: 0.4531 - val_accuracy: 0.9431 - 69s/epoch - 171ms/step
Epoch 446/500
400/400 - 68s - loss: 0.0963 - accuracy: 0.9652 - val_loss: 0.4791 - val_accuracy: 0.9413 - 68s/epoch - 171ms/step
Epoch 447/500
400/400 - 68s - loss: 0.1203 - accuracy: 0.9642 - val_loss: 0.5092 - val_accuracy: 0.9506 - 68s/epoch - 171ms/step
Epoch 448/500
400/400 - 69s - loss: 0.1186 - accuracy: 0.9623 - val_loss: 0.6973 - val_accuracy: 0.9588 - 69s/epoch - 171ms/step
Epoch 449/500
400/400 - 68s - loss: 0.1315 - accuracy: 0.9656 - val_loss: 0.4457 - val_accuracy: 0.9456 - 68s/epoch - 171ms/step
Epoch 450/500
400/400 - 68s - loss: 0.1238 - accuracy: 0.9669 - val_loss: 0.4516 - val_accuracy: 0.9475 - 68s/epoch - 171ms/step
Epoch 451/500
400/400 - 68s - loss: 0.1254 - accuracy: 0.9655 - val_loss: 0.3899 - val_accuracy: 0.9475 - 68s/epoch - 170ms/step
Epoch 452/500
400/400 - 68s - loss: 0.1112 - accuracy: 0.9663 - val_loss: 0.5502 - val_accuracy: 0.9506 - 68s/epoch - 170ms/step
Epoch 453/500
400/400 - 68s - loss: 0.1210 - accuracy: 0.9592 - val_loss: 0.4541 - val_accuracy: 0.9556 - 68s/epoch - 171ms/step
Epoch 454/500
400/400 - 68s - loss: 0.1325 - accuracy: 0.9611 - val_loss: 0.6152 - val_accuracy: 0.9369 - 68s/epoch - 171ms/step
Epoch 455/500
400/400 - 68s - loss: 0.1311 - accuracy: 0.9614 - val_loss: 0.3476 - val_accuracy: 0.9544 - 68s/epoch - 171ms/step
Epoch 456/500
400/400 - 68s - loss: 0.1259 - accuracy: 0.9639 - val_loss: 0.5085 - val_accuracy: 0.9525 - 68s/epoch - 171ms/step
Epoch 457/500
400/400 - 68s - loss: 0.1239 - accuracy: 0.9663 - val_loss: 0.6019 - val_accuracy: 0.9444 - 68s/epoch - 171ms/step
Epoch 458/500
400/400 - 68s - loss: 0.1282 - accuracy: 0.9656 - val_loss: 0.4500 - val_accuracy: 0.9475 - 68s/epoch - 171ms/step
Epoch 459/500
400/400 - 68s - loss: 0.1309 - accuracy: 0.9664 - val_loss: 0.5002 - val_accuracy: 0.9488 - 68s/epoch - 171ms/step
Epoch 460/500
400/400 - 69s - loss: 0.1136 - accuracy: 0.9689 - val_loss: 0.3733 - val_accuracy: 0.9431 - 69s/epoch - 171ms/step
Epoch 461/500
400/400 - 68s - loss: 0.1245 - accuracy: 0.9606 - val_loss: 0.3428 - val_accuracy: 0.9425 - 68s/epoch - 170ms/step
Epoch 462/500
400/400 - 68s - loss: 0.1304 - accuracy: 0.9631 - val_loss: 0.3108 - val_accuracy: 0.9450 - 68s/epoch - 171ms/step
Epoch 463/500
400/400 - 69s - loss: 0.1263 - accuracy: 0.9613 - val_loss: 0.3799 - val_accuracy: 0.9544 - 69s/epoch - 171ms/step
Epoch 464/500
400/400 - 68s - loss: 0.1313 - accuracy: 0.9656 - val_loss: 0.4279 - val_accuracy: 0.9450 - 68s/epoch - 171ms/step
Epoch 465/500
400/400 - 68s - loss: 0.1487 - accuracy: 0.9592 - val_loss: 0.4911 - val_accuracy: 0.9456 - 68s/epoch - 171ms/step
Epoch 466/500
400/400 - 68s - loss: 0.1207 - accuracy: 0.9608 - val_loss: 0.4106 - val_accuracy: 0.9463 - 68s/epoch - 171ms/step
Epoch 467/500
400/400 - 68s - loss: 0.1284 - accuracy: 0.9606 - val_loss: 0.3352 - val_accuracy: 0.9438 - 68s/epoch - 171ms/step
Epoch 468/500
400/400 - 69s - loss: 0.1463 - accuracy: 0.9592 - val_loss: 0.5748 - val_accuracy: 0.9494 - 69s/epoch - 171ms/step
Epoch 469/500
400/400 - 68s - loss: 0.1317 - accuracy: 0.9638 - val_loss: 0.3665 - val_accuracy: 0.9444 - 68s/epoch - 171ms/step
Epoch 470/500
400/400 - 68s - loss: 0.1220 - accuracy: 0.9653 - val_loss: 0.4062 - val_accuracy: 0.9506 - 68s/epoch - 171ms/step
Epoch 471/500
400/400 - 68s - loss: 0.1289 - accuracy: 0.9622 - val_loss: 0.3250 - val_accuracy: 0.9481 - 68s/epoch - 171ms/step
Epoch 472/500
400/400 - 68s - loss: 0.1192 - accuracy: 0.9642 - val_loss: 0.5525 - val_accuracy: 0.9525 - 68s/epoch - 171ms/step
Epoch 473/500
400/400 - 68s - loss: 0.1226 - accuracy: 0.9645 - val_loss: 0.4097 - val_accuracy: 0.9500 - 68s/epoch - 170ms/step
Epoch 474/500
400/400 - 68s - loss: 0.1195 - accuracy: 0.9664 - val_loss: 0.4484 - val_accuracy: 0.9531 - 68s/epoch - 170ms/step
Epoch 475/500
400/400 - 68s - loss: 0.1530 - accuracy: 0.9569 - val_loss: 0.4212 - val_accuracy: 0.9494 - 68s/epoch - 171ms/step
Epoch 476/500
400/400 - 69s - loss: 0.1148 - accuracy: 0.9622 - val_loss: 0.5282 - val_accuracy: 0.9506 - 69s/epoch - 172ms/step
Epoch 477/500
400/400 - 68s - loss: 0.1167 - accuracy: 0.9638 - val_loss: 0.6723 - val_accuracy: 0.9531 - 68s/epoch - 171ms/step
Epoch 478/500
400/400 - 69s - loss: 0.1312 - accuracy: 0.9663 - val_loss: 0.3058 - val_accuracy: 0.9506 - 69s/epoch - 171ms/step
Epoch 479/500
400/400 - 68s - loss: 0.1262 - accuracy: 0.9642 - val_loss: 0.3782 - val_accuracy: 0.9419 - 68s/epoch - 171ms/step
Epoch 480/500
400/400 - 68s - loss: 0.1383 - accuracy: 0.9630 - val_loss: 0.6153 - val_accuracy: 0.9519 - 68s/epoch - 171ms/step
Epoch 481/500
400/400 - 68s - loss: 0.1251 - accuracy: 0.9675 - val_loss: 0.5277 - val_accuracy: 0.9413 - 68s/epoch - 171ms/step
Epoch 482/500
400/400 - 68s - loss: 0.1413 - accuracy: 0.9584 - val_loss: 0.5338 - val_accuracy: 0.9513 - 68s/epoch - 171ms/step
Epoch 483/500
400/400 - 68s - loss: 0.1311 - accuracy: 0.9620 - val_loss: 0.4765 - val_accuracy: 0.9419 - 68s/epoch - 171ms/step
Epoch 484/500
400/400 - 69s - loss: 0.1493 - accuracy: 0.9597 - val_loss: 0.6088 - val_accuracy: 0.9488 - 69s/epoch - 172ms/step
Epoch 485/500
400/400 - 68s - loss: 0.1358 - accuracy: 0.9594 - val_loss: 0.5812 - val_accuracy: 0.9394 - 68s/epoch - 171ms/step
Epoch 486/500
400/400 - 68s - loss: 0.1225 - accuracy: 0.9673 - val_loss: 0.3744 - val_accuracy: 0.9488 - 68s/epoch - 171ms/step
Epoch 487/500
400/400 - 68s - loss: 0.1408 - accuracy: 0.9614 - val_loss: 0.4826 - val_accuracy: 0.9481 - 68s/epoch - 171ms/step
Epoch 488/500
400/400 - 68s - loss: 0.1201 - accuracy: 0.9655 - val_loss: 0.4853 - val_accuracy: 0.9550 - 68s/epoch - 171ms/step
Epoch 489/500
400/400 - 68s - loss: 0.1232 - accuracy: 0.9639 - val_loss: 0.6473 - val_accuracy: 0.9456 - 68s/epoch - 171ms/step
Epoch 490/500
400/400 - 69s - loss: 0.1413 - accuracy: 0.9611 - val_loss: 0.4267 - val_accuracy: 0.9450 - 69s/epoch - 171ms/step
Epoch 491/500
400/400 - 68s - loss: 0.1257 - accuracy: 0.9666 - val_loss: 0.5172 - val_accuracy: 0.9406 - 68s/epoch - 171ms/step
Epoch 492/500
400/400 - 69s - loss: 0.1055 - accuracy: 0.9677 - val_loss: 0.4068 - val_accuracy: 0.9488 - 69s/epoch - 171ms/step
Epoch 493/500
400/400 - 68s - loss: 0.1401 - accuracy: 0.9653 - val_loss: 0.4002 - val_accuracy: 0.9538 - 68s/epoch - 171ms/step
Epoch 494/500
400/400 - 68s - loss: 0.1333 - accuracy: 0.9658 - val_loss: 0.5389 - val_accuracy: 0.9556 - 68s/epoch - 171ms/step
Epoch 495/500
400/400 - 68s - loss: 0.1370 - accuracy: 0.9638 - val_loss: 0.6298 - val_accuracy: 0.9513 - 68s/epoch - 171ms/step
Epoch 496/500
400/400 - 68s - loss: 0.1176 - accuracy: 0.9633 - val_loss: 0.7395 - val_accuracy: 0.9500 - 68s/epoch - 171ms/step
Epoch 497/500
400/400 - 69s - loss: 0.1336 - accuracy: 0.9656 - val_loss: 0.4249 - val_accuracy: 0.9475 - 69s/epoch - 171ms/step
Epoch 498/500
400/400 - 68s - loss: 0.1197 - accuracy: 0.9684 - val_loss: 0.3215 - val_accuracy: 0.9481 - 68s/epoch - 171ms/step
Epoch 499/500
400/400 - 68s - loss: 0.1222 - accuracy: 0.9656 - val_loss: 0.6317 - val_accuracy: 0.9419 - 68s/epoch - 171ms/step
Epoch 500/500
400/400 - 68s - loss: 0.1156 - accuracy: 0.9680 - val_loss: 0.5324 - val_accuracy: 0.9594 - 68s/epoch - 171ms/step
Successfully completed execution.
